Traceback (most recent call last):
  File "D:\Backend developemnt projects\Code by hand\Foodly\backend\venv\Lib\site-packages\sqlalchemy\engine\base.py", line 1969, in _exec_single_context
    self.dialect.do_execute(
  File "D:\Backend developemnt projects\Code by hand\Foodly\backend\venv\Lib\site-packages\sqlalchemy\engine\default.py", line 922, in do_execute
    cursor.execute(statement, parameters)
psycopg2.errors.UndefinedTable: relation "pending_verifications" does not exist
LINE 1: INSERT INTO pending_verifications (meal_id, reported_price, ...
                    ^


The above exception was the direct cause of the following exception:

Traceback (most recent call last):
  File "D:\Backend developemnt projects\Code by hand\Foodly\backend\app\api\endpoints\reports.py", line 56, in create_report
    db.commit()
  File "D:\Backend developemnt projects\Code by hand\Foodly\backend\venv\Lib\site-packages\sqlalchemy\orm\session.py", line 1969, in commit
    trans.commit(_to_root=True)
  File "<string>", line 2, in commit
  File "D:\Backend developemnt projects\Code by hand\Foodly\backend\venv\Lib\site-packages\sqlalchemy\orm\state_changes.py", line 139, in _go
    ret_value = fn(self, *arg, **kw)
                ^^^^^^^^^^^^^^^^^^^^
  File "D:\Backend developemnt projects\Code by hand\Foodly\backend\venv\Lib\site-packages\sqlalchemy\orm\session.py", line 1256, in commit
    self._prepare_impl()
  File "<string>", line 2, in _prepare_impl
  File "D:\Backend developemnt projects\Code by hand\Foodly\backend\venv\Lib\site-packages\sqlalchemy\orm\state_changes.py", line 139, in _go
    ret_value = fn(self, *arg, **kw)
                ^^^^^^^^^^^^^^^^^^^^
  File "D:\Backend developemnt projects\Code by hand\Foodly\backend\venv\Lib\site-packages\sqlalchemy\orm\session.py", line 1231, in _prepare_impl
    self.session.flush()
  File "D:\Backend developemnt projects\Code by hand\Foodly\backend\venv\Lib\site-packages\sqlalchemy\orm\session.py", line 4312, in flush
    self._flush(objects)
  File "D:\Backend developemnt projects\Code by hand\Foodly\backend\venv\Lib\site-packages\sqlalchemy\orm\session.py", line 4447, in _flush
    with util.safe_reraise():
  File "D:\Backend developemnt projects\Code by hand\Foodly\backend\venv\Lib\site-packages\sqlalchemy\util\langhelpers.py", line 146, in __exit__
    raise exc_value.with_traceback(exc_tb)
  File "D:\Backend developemnt projects\Code by hand\Foodly\backend\venv\Lib\site-packages\sqlalchemy\orm\session.py", line 4408, in _flush
    flush_context.execute()
  File "D:\Backend developemnt projects\Code by hand\Foodly\backend\venv\Lib\site-packages\sqlalchemy\orm\unitofwork.py", line 466, in execute
    rec.execute(self)
  File "D:\Backend developemnt projects\Code by hand\Foodly\backend\venv\Lib\site-packages\sqlalchemy\orm\unitofwork.py", line 642, in execute
    util.preloaded.orm_persistence.save_obj(
  File "D:\Backend developemnt projects\Code by hand\Foodly\backend\venv\Lib\site-packages\sqlalchemy\orm\persistence.py", line 93, in save_obj
    _emit_insert_statements(
  File "D:\Backend developemnt projects\Code by hand\Foodly\backend\venv\Lib\site-packages\sqlalchemy\orm\persistence.py", line 1226, in _emit_insert_statements
    result = connection.execute(
             ^^^^^^^^^^^^^^^^^^^
  File "D:\Backend developemnt projects\Code by hand\Foodly\backend\venv\Lib\site-packages\sqlalchemy\engine\base.py", line 1416, in execute
    return meth(
           ^^^^^
  File "D:\Backend developemnt projects\Code by hand\Foodly\backend\venv\Lib\site-packages\sqlalchemy\sql\elements.py", line 516, in _execute_on_connection
    return connection._execute_clauseelement(
           ^^^^^^^^^^^^^^^^^^^^^^^^^^^^^^^^^^
  File "D:\Backend developemnt projects\Code by hand\Foodly\backend\venv\Lib\site-packages\sqlalchemy\engine\base.py", line 1639, in _execute_clauseelement
    ret = self._execute_context(
          ^^^^^^^^^^^^^^^^^^^^^^
  File "D:\Backend developemnt projects\Code by hand\Foodly\backend\venv\Lib\site-packages\sqlalchemy\engine\base.py", line 1848, in _execute_context
    return self._exec_single_context(
           ^^^^^^^^^^^^^^^^^^^^^^^^^^
  File "D:\Backend developemnt projects\Code by hand\Foodly\backend\venv\Lib\site-packages\sqlalchemy\engine\base.py", line 1988, in _exec_single_context
    self._handle_dbapi_exception(
  File "D:\Backend developemnt projects\Code by hand\Foodly\backend\venv\Lib\site-packages\sqlalchemy\engine\base.py", line 2343, in _handle_dbapi_exception
    raise sqlalchemy_exception.with_traceback(exc_info[2]) from e
  File "D:\Backend developemnt projects\Code by hand\Foodly\backend\venv\Lib\site-packages\sqlalchemy\engine\base.py", line 1969, in _exec_single_context
    self.dialect.do_execute(
  File "D:\Backend developemnt projects\Code by hand\Foodly\backend\venv\Lib\site-packages\sqlalchemy\engine\default.py", line 922, in do_execute
    cursor.execute(statement, parameters)
sqlalchemy.exc.ProgrammingError: (psycopg2.errors.UndefinedTable) relation "pending_verifications" does not exist
LINE 1: INSERT INTO pending_verifications (meal_id, reported_price, ...
                    ^

[SQL: INSERT INTO pending_verifications (meal_id, reported_price, notes, reporter_name, photo_url, status) VALUES (%(meal_id)s, %(reported_price)s, %(notes)s, %(reporter_name)s, %(photo_url)s, %(status)s) RETURNING pending_verifications.id, pending_verifications.created_at]
[parameters: {'meal_id': 1, 'reported_price': 200.0, 'notes': None, 'reporter_name': None, 'photo_url': None, 'status': 'pending'}]
(Background on this error at: https://sqlalche.me/e/20/f405)


Traceback (most recent call last):
  File "D:\Backend developemnt projects\Code by hand\Foodly\backend\venv\Lib\site-packages\sqlalchemy\engine\base.py", line 1969, in _exec_single_context
    self.dialect.do_execute(
  File "D:\Backend developemnt projects\Code by hand\Foodly\backend\venv\Lib\site-packages\sqlalchemy\engine\default.py", line 922, in do_execute
    cursor.execute(statement, parameters)
psycopg2.errors.UndefinedTable: relation "pending_verifications" does not exist
LINE 1: INSERT INTO pending_verifications (meal_id, reported_price, ...
                    ^


The above exception was the direct cause of the following exception:

Traceback (most recent call last):
  File "D:\Backend developemnt projects\Code by hand\Foodly\backend\app\api\endpoints\reports.py", line 56, in create_report
    db.commit()
  File "D:\Backend developemnt projects\Code by hand\Foodly\backend\venv\Lib\site-packages\sqlalchemy\orm\session.py", line 1969, in commit
    trans.commit(_to_root=True)
  File "<string>", line 2, in commit
  File "D:\Backend developemnt projects\Code by hand\Foodly\backend\venv\Lib\site-packages\sqlalchemy\orm\state_changes.py", line 139, in _go
    ret_value = fn(self, *arg, **kw)
                ^^^^^^^^^^^^^^^^^^^^
  File "D:\Backend developemnt projects\Code by hand\Foodly\backend\venv\Lib\site-packages\sqlalchemy\orm\session.py", line 1256, in commit
    self._prepare_impl()
  File "<string>", line 2, in _prepare_impl
  File "D:\Backend developemnt projects\Code by hand\Foodly\backend\venv\Lib\site-packages\sqlalchemy\orm\state_changes.py", line 139, in _go
    ret_value = fn(self, *arg, **kw)
                ^^^^^^^^^^^^^^^^^^^^
  File "D:\Backend developemnt projects\Code by hand\Foodly\backend\venv\Lib\site-packages\sqlalchemy\orm\session.py", line 1231, in _prepare_impl
    self.session.flush()
  File "D:\Backend developemnt projects\Code by hand\Foodly\backend\venv\Lib\site-packages\sqlalchemy\orm\session.py", line 4312, in flush
    self._flush(objects)
  File "D:\Backend developemnt projects\Code by hand\Foodly\backend\venv\Lib\site-packages\sqlalchemy\orm\session.py", line 4447, in _flush
    with util.safe_reraise():
  File "D:\Backend developemnt projects\Code by hand\Foodly\backend\venv\Lib\site-packages\sqlalchemy\util\langhelpers.py", line 146, in __exit__
    raise exc_value.with_traceback(exc_tb)
  File "D:\Backend developemnt projects\Code by hand\Foodly\backend\venv\Lib\site-packages\sqlalchemy\orm\session.py", line 4408, in _flush
    flush_context.execute()
  File "D:\Backend developemnt projects\Code by hand\Foodly\backend\venv\Lib\site-packages\sqlalchemy\orm\unitofwork.py", line 466, in execute
    rec.execute(self)
  File "D:\Backend developemnt projects\Code by hand\Foodly\backend\venv\Lib\site-packages\sqlalchemy\orm\unitofwork.py", line 642, in execute
    util.preloaded.orm_persistence.save_obj(
  File "D:\Backend developemnt projects\Code by hand\Foodly\backend\venv\Lib\site-packages\sqlalchemy\orm\persistence.py", line 93, in save_obj
    _emit_insert_statements(
  File "D:\Backend developemnt projects\Code by hand\Foodly\backend\venv\Lib\site-packages\sqlalchemy\orm\persistence.py", line 1226, in _emit_insert_statements
    result = connection.execute(
             ^^^^^^^^^^^^^^^^^^^
  File "D:\Backend developemnt projects\Code by hand\Foodly\backend\venv\Lib\site-packages\sqlalchemy\engine\base.py", line 1416, in execute
    return meth(
           ^^^^^
  File "D:\Backend developemnt projects\Code by hand\Foodly\backend\venv\Lib\site-packages\sqlalchemy\sql\elements.py", line 516, in _execute_on_connection
    return connection._execute_clauseelement(
           ^^^^^^^^^^^^^^^^^^^^^^^^^^^^^^^^^^
  File "D:\Backend developemnt projects\Code by hand\Foodly\backend\venv\Lib\site-packages\sqlalchemy\engine\base.py", line 1639, in _execute_clauseelement
    ret = self._execute_context(
          ^^^^^^^^^^^^^^^^^^^^^^
  File "D:\Backend developemnt projects\Code by hand\Foodly\backend\venv\Lib\site-packages\sqlalchemy\engine\base.py", line 1848, in _execute_context
    return self._exec_single_context(
           ^^^^^^^^^^^^^^^^^^^^^^^^^^
  File "D:\Backend developemnt projects\Code by hand\Foodly\backend\venv\Lib\site-packages\sqlalchemy\engine\base.py", line 1988, in _exec_single_context
    self._handle_dbapi_exception(
  File "D:\Backend developemnt projects\Code by hand\Foodly\backend\venv\Lib\site-packages\sqlalchemy\engine\base.py", line 2343, in _handle_dbapi_exception
    raise sqlalchemy_exception.with_traceback(exc_info[2]) from e
  File "D:\Backend developemnt projects\Code by hand\Foodly\backend\venv\Lib\site-packages\sqlalchemy\engine\base.py", line 1969, in _exec_single_context
    self.dialect.do_execute(
  File "D:\Backend developemnt projects\Code by hand\Foodly\backend\venv\Lib\site-packages\sqlalchemy\engine\default.py", line 922, in do_execute
    cursor.execute(statement, parameters)
sqlalchemy.exc.ProgrammingError: (psycopg2.errors.UndefinedTable) relation "pending_verifications" does not exist
LINE 1: INSERT INTO pending_verifications (meal_id, reported_price, ...
                    ^

[SQL: INSERT INTO pending_verifications (meal_id, reported_price, notes, reporter_name, photo_url, status) VALUES (%(meal_id)s, %(reported_price)s, %(notes)s, %(reporter_name)s, %(photo_url)s, %(status)s) RETURNING pending_verifications.id, pending_verifications.created_at]
[parameters: {'meal_id': 1, 'reported_price': 200.0, 'notes': None, 'reporter_name': None, 'photo_url': None, 'status': 'pending'}]
(Background on this error at: https://sqlalche.me/e/20/f405)


Traceback (most recent call last):
  File "D:\Backend developemnt projects\Code by hand\Foodly\backend\venv\Lib\site-packages\sqlalchemy\engine\base.py", line 1969, in _exec_single_context
    self.dialect.do_execute(
  File "D:\Backend developemnt projects\Code by hand\Foodly\backend\venv\Lib\site-packages\sqlalchemy\engine\default.py", line 922, in do_execute
    cursor.execute(statement, parameters)
psycopg2.errors.UndefinedTable: relation "pending_verifications" does not exist
LINE 1: INSERT INTO pending_verifications (meal_id, reported_price, ...
                    ^


The above exception was the direct cause of the following exception:

Traceback (most recent call last):
  File "D:\Backend developemnt projects\Code by hand\Foodly\backend\app\api\endpoints\reports.py", line 56, in create_report
    db.commit()
  File "D:\Backend developemnt projects\Code by hand\Foodly\backend\venv\Lib\site-packages\sqlalchemy\orm\session.py", line 1969, in commit
    trans.commit(_to_root=True)
  File "<string>", line 2, in commit
  File "D:\Backend developemnt projects\Code by hand\Foodly\backend\venv\Lib\site-packages\sqlalchemy\orm\state_changes.py", line 139, in _go
    ret_value = fn(self, *arg, **kw)
                ^^^^^^^^^^^^^^^^^^^^
  File "D:\Backend developemnt projects\Code by hand\Foodly\backend\venv\Lib\site-packages\sqlalchemy\orm\session.py", line 1256, in commit
    self._prepare_impl()
  File "<string>", line 2, in _prepare_impl
  File "D:\Backend developemnt projects\Code by hand\Foodly\backend\venv\Lib\site-packages\sqlalchemy\orm\state_changes.py", line 139, in _go
    ret_value = fn(self, *arg, **kw)
                ^^^^^^^^^^^^^^^^^^^^
  File "D:\Backend developemnt projects\Code by hand\Foodly\backend\venv\Lib\site-packages\sqlalchemy\orm\session.py", line 1231, in _prepare_impl
    self.session.flush()
  File "D:\Backend developemnt projects\Code by hand\Foodly\backend\venv\Lib\site-packages\sqlalchemy\orm\session.py", line 4312, in flush
    self._flush(objects)
  File "D:\Backend developemnt projects\Code by hand\Foodly\backend\venv\Lib\site-packages\sqlalchemy\orm\session.py", line 4447, in _flush
    with util.safe_reraise():
  File "D:\Backend developemnt projects\Code by hand\Foodly\backend\venv\Lib\site-packages\sqlalchemy\util\langhelpers.py", line 146, in __exit__
    raise exc_value.with_traceback(exc_tb)
  File "D:\Backend developemnt projects\Code by hand\Foodly\backend\venv\Lib\site-packages\sqlalchemy\orm\session.py", line 4408, in _flush
    flush_context.execute()
  File "D:\Backend developemnt projects\Code by hand\Foodly\backend\venv\Lib\site-packages\sqlalchemy\orm\unitofwork.py", line 466, in execute
    rec.execute(self)
  File "D:\Backend developemnt projects\Code by hand\Foodly\backend\venv\Lib\site-packages\sqlalchemy\orm\unitofwork.py", line 642, in execute
    util.preloaded.orm_persistence.save_obj(
  File "D:\Backend developemnt projects\Code by hand\Foodly\backend\venv\Lib\site-packages\sqlalchemy\orm\persistence.py", line 93, in save_obj
    _emit_insert_statements(
  File "D:\Backend developemnt projects\Code by hand\Foodly\backend\venv\Lib\site-packages\sqlalchemy\orm\persistence.py", line 1226, in _emit_insert_statements
    result = connection.execute(
             ^^^^^^^^^^^^^^^^^^^
  File "D:\Backend developemnt projects\Code by hand\Foodly\backend\venv\Lib\site-packages\sqlalchemy\engine\base.py", line 1416, in execute
    return meth(
           ^^^^^
  File "D:\Backend developemnt projects\Code by hand\Foodly\backend\venv\Lib\site-packages\sqlalchemy\sql\elements.py", line 516, in _execute_on_connection
    return connection._execute_clauseelement(
           ^^^^^^^^^^^^^^^^^^^^^^^^^^^^^^^^^^
  File "D:\Backend developemnt projects\Code by hand\Foodly\backend\venv\Lib\site-packages\sqlalchemy\engine\base.py", line 1639, in _execute_clauseelement
    ret = self._execute_context(
          ^^^^^^^^^^^^^^^^^^^^^^
  File "D:\Backend developemnt projects\Code by hand\Foodly\backend\venv\Lib\site-packages\sqlalchemy\engine\base.py", line 1848, in _execute_context
    return self._exec_single_context(
           ^^^^^^^^^^^^^^^^^^^^^^^^^^
  File "D:\Backend developemnt projects\Code by hand\Foodly\backend\venv\Lib\site-packages\sqlalchemy\engine\base.py", line 1988, in _exec_single_context
    self._handle_dbapi_exception(
  File "D:\Backend developemnt projects\Code by hand\Foodly\backend\venv\Lib\site-packages\sqlalchemy\engine\base.py", line 2343, in _handle_dbapi_exception
    raise sqlalchemy_exception.with_traceback(exc_info[2]) from e
  File "D:\Backend developemnt projects\Code by hand\Foodly\backend\venv\Lib\site-packages\sqlalchemy\engine\base.py", line 1969, in _exec_single_context
    self.dialect.do_execute(
  File "D:\Backend developemnt projects\Code by hand\Foodly\backend\venv\Lib\site-packages\sqlalchemy\engine\default.py", line 922, in do_execute
    cursor.execute(statement, parameters)
sqlalchemy.exc.ProgrammingError: (psycopg2.errors.UndefinedTable) relation "pending_verifications" does not exist
LINE 1: INSERT INTO pending_verifications (meal_id, reported_price, ...
                    ^

[SQL: INSERT INTO pending_verifications (meal_id, reported_price, notes, reporter_name, photo_url, status) VALUES (%(meal_id)s, %(reported_price)s, %(notes)s, %(reporter_name)s, %(photo_url)s, %(status)s) RETURNING pending_verifications.id, pending_verifications.created_at]
[parameters: {'meal_id': 1, 'reported_price': 200.0, 'notes': None, 'reporter_name': None, 'photo_url': None, 'status': 'pending'}]
(Background on this error at: https://sqlalche.me/e/20/f405)


Traceback (most recent call last):
  File "D:\Backend developemnt projects\Code by hand\Foodly\backend\venv\Lib\site-packages\sqlalchemy\engine\base.py", line 1969, in _exec_single_context
    self.dialect.do_execute(
  File "D:\Backend developemnt projects\Code by hand\Foodly\backend\venv\Lib\site-packages\sqlalchemy\engine\default.py", line 922, in do_execute
    cursor.execute(statement, parameters)
psycopg2.errors.UndefinedTable: relation "pending_verifications" does not exist
LINE 1: INSERT INTO pending_verifications (meal_id, reported_price, ...
                    ^


The above exception was the direct cause of the following exception:

Traceback (most recent call last):
  File "D:\Backend developemnt projects\Code by hand\Foodly\backend\app\api\endpoints\reports.py", line 56, in create_report
    db.commit()
  File "D:\Backend developemnt projects\Code by hand\Foodly\backend\venv\Lib\site-packages\sqlalchemy\orm\session.py", line 1969, in commit
    trans.commit(_to_root=True)
  File "<string>", line 2, in commit
  File "D:\Backend developemnt projects\Code by hand\Foodly\backend\venv\Lib\site-packages\sqlalchemy\orm\state_changes.py", line 139, in _go
    ret_value = fn(self, *arg, **kw)
                ^^^^^^^^^^^^^^^^^^^^
  File "D:\Backend developemnt projects\Code by hand\Foodly\backend\venv\Lib\site-packages\sqlalchemy\orm\session.py", line 1256, in commit
    self._prepare_impl()
  File "<string>", line 2, in _prepare_impl
  File "D:\Backend developemnt projects\Code by hand\Foodly\backend\venv\Lib\site-packages\sqlalchemy\orm\state_changes.py", line 139, in _go
    ret_value = fn(self, *arg, **kw)
                ^^^^^^^^^^^^^^^^^^^^
  File "D:\Backend developemnt projects\Code by hand\Foodly\backend\venv\Lib\site-packages\sqlalchemy\orm\session.py", line 1231, in _prepare_impl
    self.session.flush()
  File "D:\Backend developemnt projects\Code by hand\Foodly\backend\venv\Lib\site-packages\sqlalchemy\orm\session.py", line 4312, in flush
    self._flush(objects)
  File "D:\Backend developemnt projects\Code by hand\Foodly\backend\venv\Lib\site-packages\sqlalchemy\orm\session.py", line 4447, in _flush
    with util.safe_reraise():
  File "D:\Backend developemnt projects\Code by hand\Foodly\backend\venv\Lib\site-packages\sqlalchemy\util\langhelpers.py", line 146, in __exit__
    raise exc_value.with_traceback(exc_tb)
  File "D:\Backend developemnt projects\Code by hand\Foodly\backend\venv\Lib\site-packages\sqlalchemy\orm\session.py", line 4408, in _flush
    flush_context.execute()
  File "D:\Backend developemnt projects\Code by hand\Foodly\backend\venv\Lib\site-packages\sqlalchemy\orm\unitofwork.py", line 466, in execute
    rec.execute(self)
  File "D:\Backend developemnt projects\Code by hand\Foodly\backend\venv\Lib\site-packages\sqlalchemy\orm\unitofwork.py", line 642, in execute
    util.preloaded.orm_persistence.save_obj(
  File "D:\Backend developemnt projects\Code by hand\Foodly\backend\venv\Lib\site-packages\sqlalchemy\orm\persistence.py", line 93, in save_obj
    _emit_insert_statements(
  File "D:\Backend developemnt projects\Code by hand\Foodly\backend\venv\Lib\site-packages\sqlalchemy\orm\persistence.py", line 1226, in _emit_insert_statements
    result = connection.execute(
             ^^^^^^^^^^^^^^^^^^^
  File "D:\Backend developemnt projects\Code by hand\Foodly\backend\venv\Lib\site-packages\sqlalchemy\engine\base.py", line 1416, in execute
    return meth(
           ^^^^^
  File "D:\Backend developemnt projects\Code by hand\Foodly\backend\venv\Lib\site-packages\sqlalchemy\sql\elements.py", line 516, in _execute_on_connection
    return connection._execute_clauseelement(
           ^^^^^^^^^^^^^^^^^^^^^^^^^^^^^^^^^^
  File "D:\Backend developemnt projects\Code by hand\Foodly\backend\venv\Lib\site-packages\sqlalchemy\engine\base.py", line 1639, in _execute_clauseelement
    ret = self._execute_context(
          ^^^^^^^^^^^^^^^^^^^^^^
  File "D:\Backend developemnt projects\Code by hand\Foodly\backend\venv\Lib\site-packages\sqlalchemy\engine\base.py", line 1848, in _execute_context
    return self._exec_single_context(
           ^^^^^^^^^^^^^^^^^^^^^^^^^^
  File "D:\Backend developemnt projects\Code by hand\Foodly\backend\venv\Lib\site-packages\sqlalchemy\engine\base.py", line 1988, in _exec_single_context
    self._handle_dbapi_exception(
  File "D:\Backend developemnt projects\Code by hand\Foodly\backend\venv\Lib\site-packages\sqlalchemy\engine\base.py", line 2343, in _handle_dbapi_exception
    raise sqlalchemy_exception.with_traceback(exc_info[2]) from e
  File "D:\Backend developemnt projects\Code by hand\Foodly\backend\venv\Lib\site-packages\sqlalchemy\engine\base.py", line 1969, in _exec_single_context
    self.dialect.do_execute(
  File "D:\Backend developemnt projects\Code by hand\Foodly\backend\venv\Lib\site-packages\sqlalchemy\engine\default.py", line 922, in do_execute
    cursor.execute(statement, parameters)
sqlalchemy.exc.ProgrammingError: (psycopg2.errors.UndefinedTable) relation "pending_verifications" does not exist
LINE 1: INSERT INTO pending_verifications (meal_id, reported_price, ...
                    ^

[SQL: INSERT INTO pending_verifications (meal_id, reported_price, notes, reporter_name, photo_url, status) VALUES (%(meal_id)s, %(reported_price)s, %(notes)s, %(reporter_name)s, %(photo_url)s, %(status)s) RETURNING pending_verifications.id, pending_verifications.created_at]
[parameters: {'meal_id': 1, 'reported_price': 200.0, 'notes': None, 'reporter_name': None, 'photo_url': None, 'status': 'pending'}]
(Background on this error at: https://sqlalche.me/e/20/f405)


Traceback (most recent call last):
  File "D:\Backend developemnt projects\Code by hand\Foodly\backend\venv\Lib\site-packages\sqlalchemy\engine\base.py", line 1969, in _exec_single_context
    self.dialect.do_execute(
  File "D:\Backend developemnt projects\Code by hand\Foodly\backend\venv\Lib\site-packages\sqlalchemy\engine\default.py", line 922, in do_execute
    cursor.execute(statement, parameters)
psycopg2.errors.UndefinedTable: relation "pending_verifications" does not exist
LINE 1: INSERT INTO pending_verifications (meal_id, reported_price, ...
                    ^


The above exception was the direct cause of the following exception:

Traceback (most recent call last):
  File "D:\Backend developemnt projects\Code by hand\Foodly\backend\app\api\endpoints\reports.py", line 56, in create_report
    db.commit()
  File "D:\Backend developemnt projects\Code by hand\Foodly\backend\venv\Lib\site-packages\sqlalchemy\orm\session.py", line 1969, in commit
    trans.commit(_to_root=True)
  File "<string>", line 2, in commit
  File "D:\Backend developemnt projects\Code by hand\Foodly\backend\venv\Lib\site-packages\sqlalchemy\orm\state_changes.py", line 139, in _go
    ret_value = fn(self, *arg, **kw)
                ^^^^^^^^^^^^^^^^^^^^
  File "D:\Backend developemnt projects\Code by hand\Foodly\backend\venv\Lib\site-packages\sqlalchemy\orm\session.py", line 1256, in commit
    self._prepare_impl()
  File "<string>", line 2, in _prepare_impl
  File "D:\Backend developemnt projects\Code by hand\Foodly\backend\venv\Lib\site-packages\sqlalchemy\orm\state_changes.py", line 139, in _go
    ret_value = fn(self, *arg, **kw)
                ^^^^^^^^^^^^^^^^^^^^
  File "D:\Backend developemnt projects\Code by hand\Foodly\backend\venv\Lib\site-packages\sqlalchemy\orm\session.py", line 1231, in _prepare_impl
    self.session.flush()
  File "D:\Backend developemnt projects\Code by hand\Foodly\backend\venv\Lib\site-packages\sqlalchemy\orm\session.py", line 4312, in flush
    self._flush(objects)
  File "D:\Backend developemnt projects\Code by hand\Foodly\backend\venv\Lib\site-packages\sqlalchemy\orm\session.py", line 4447, in _flush
    with util.safe_reraise():
  File "D:\Backend developemnt projects\Code by hand\Foodly\backend\venv\Lib\site-packages\sqlalchemy\util\langhelpers.py", line 146, in __exit__
    raise exc_value.with_traceback(exc_tb)
  File "D:\Backend developemnt projects\Code by hand\Foodly\backend\venv\Lib\site-packages\sqlalchemy\orm\session.py", line 4408, in _flush
    flush_context.execute()
  File "D:\Backend developemnt projects\Code by hand\Foodly\backend\venv\Lib\site-packages\sqlalchemy\orm\unitofwork.py", line 466, in execute
    rec.execute(self)
  File "D:\Backend developemnt projects\Code by hand\Foodly\backend\venv\Lib\site-packages\sqlalchemy\orm\unitofwork.py", line 642, in execute
    util.preloaded.orm_persistence.save_obj(
  File "D:\Backend developemnt projects\Code by hand\Foodly\backend\venv\Lib\site-packages\sqlalchemy\orm\persistence.py", line 93, in save_obj
    _emit_insert_statements(
  File "D:\Backend developemnt projects\Code by hand\Foodly\backend\venv\Lib\site-packages\sqlalchemy\orm\persistence.py", line 1226, in _emit_insert_statements
    result = connection.execute(
             ^^^^^^^^^^^^^^^^^^^
  File "D:\Backend developemnt projects\Code by hand\Foodly\backend\venv\Lib\site-packages\sqlalchemy\engine\base.py", line 1416, in execute
    return meth(
           ^^^^^
  File "D:\Backend developemnt projects\Code by hand\Foodly\backend\venv\Lib\site-packages\sqlalchemy\sql\elements.py", line 516, in _execute_on_connection
    return connection._execute_clauseelement(
           ^^^^^^^^^^^^^^^^^^^^^^^^^^^^^^^^^^
  File "D:\Backend developemnt projects\Code by hand\Foodly\backend\venv\Lib\site-packages\sqlalchemy\engine\base.py", line 1639, in _execute_clauseelement
    ret = self._execute_context(
          ^^^^^^^^^^^^^^^^^^^^^^
  File "D:\Backend developemnt projects\Code by hand\Foodly\backend\venv\Lib\site-packages\sqlalchemy\engine\base.py", line 1848, in _execute_context
    return self._exec_single_context(
           ^^^^^^^^^^^^^^^^^^^^^^^^^^
  File "D:\Backend developemnt projects\Code by hand\Foodly\backend\venv\Lib\site-packages\sqlalchemy\engine\base.py", line 1988, in _exec_single_context
    self._handle_dbapi_exception(
  File "D:\Backend developemnt projects\Code by hand\Foodly\backend\venv\Lib\site-packages\sqlalchemy\engine\base.py", line 2343, in _handle_dbapi_exception
    raise sqlalchemy_exception.with_traceback(exc_info[2]) from e
  File "D:\Backend developemnt projects\Code by hand\Foodly\backend\venv\Lib\site-packages\sqlalchemy\engine\base.py", line 1969, in _exec_single_context
    self.dialect.do_execute(
  File "D:\Backend developemnt projects\Code by hand\Foodly\backend\venv\Lib\site-packages\sqlalchemy\engine\default.py", line 922, in do_execute
    cursor.execute(statement, parameters)
sqlalchemy.exc.ProgrammingError: (psycopg2.errors.UndefinedTable) relation "pending_verifications" does not exist
LINE 1: INSERT INTO pending_verifications (meal_id, reported_price, ...
                    ^

[SQL: INSERT INTO pending_verifications (meal_id, reported_price, notes, reporter_name, photo_url, status) VALUES (%(meal_id)s, %(reported_price)s, %(notes)s, %(reporter_name)s, %(photo_url)s, %(status)s) RETURNING pending_verifications.id, pending_verifications.created_at]
[parameters: {'meal_id': 1, 'reported_price': 200.0, 'notes': None, 'reporter_name': None, 'photo_url': None, 'status': 'pending'}]
(Background on this error at: https://sqlalche.me/e/20/f405)


Traceback (most recent call last):
  File "D:\Backend developemnt projects\Code by hand\Foodly\backend\venv\Lib\site-packages\sqlalchemy\engine\base.py", line 1969, in _exec_single_context
    self.dialect.do_execute(
  File "D:\Backend developemnt projects\Code by hand\Foodly\backend\venv\Lib\site-packages\sqlalchemy\engine\default.py", line 922, in do_execute
    cursor.execute(statement, parameters)
psycopg2.errors.UndefinedTable: relation "pending_verifications" does not exist
LINE 1: INSERT INTO pending_verifications (meal_id, reported_price, ...
                    ^


The above exception was the direct cause of the following exception:

Traceback (most recent call last):
  File "D:\Backend developemnt projects\Code by hand\Foodly\backend\app\api\endpoints\reports.py", line 56, in create_report
    db.commit()
  File "D:\Backend developemnt projects\Code by hand\Foodly\backend\venv\Lib\site-packages\sqlalchemy\orm\session.py", line 1969, in commit
    trans.commit(_to_root=True)
  File "<string>", line 2, in commit
  File "D:\Backend developemnt projects\Code by hand\Foodly\backend\venv\Lib\site-packages\sqlalchemy\orm\state_changes.py", line 139, in _go
    ret_value = fn(self, *arg, **kw)
                ^^^^^^^^^^^^^^^^^^^^
  File "D:\Backend developemnt projects\Code by hand\Foodly\backend\venv\Lib\site-packages\sqlalchemy\orm\session.py", line 1256, in commit
    self._prepare_impl()
  File "<string>", line 2, in _prepare_impl
  File "D:\Backend developemnt projects\Code by hand\Foodly\backend\venv\Lib\site-packages\sqlalchemy\orm\state_changes.py", line 139, in _go
    ret_value = fn(self, *arg, **kw)
                ^^^^^^^^^^^^^^^^^^^^
  File "D:\Backend developemnt projects\Code by hand\Foodly\backend\venv\Lib\site-packages\sqlalchemy\orm\session.py", line 1231, in _prepare_impl
    self.session.flush()
  File "D:\Backend developemnt projects\Code by hand\Foodly\backend\venv\Lib\site-packages\sqlalchemy\orm\session.py", line 4312, in flush
    self._flush(objects)
  File "D:\Backend developemnt projects\Code by hand\Foodly\backend\venv\Lib\site-packages\sqlalchemy\orm\session.py", line 4447, in _flush
    with util.safe_reraise():
  File "D:\Backend developemnt projects\Code by hand\Foodly\backend\venv\Lib\site-packages\sqlalchemy\util\langhelpers.py", line 146, in __exit__
    raise exc_value.with_traceback(exc_tb)
  File "D:\Backend developemnt projects\Code by hand\Foodly\backend\venv\Lib\site-packages\sqlalchemy\orm\session.py", line 4408, in _flush
    flush_context.execute()
  File "D:\Backend developemnt projects\Code by hand\Foodly\backend\venv\Lib\site-packages\sqlalchemy\orm\unitofwork.py", line 466, in execute
    rec.execute(self)
  File "D:\Backend developemnt projects\Code by hand\Foodly\backend\venv\Lib\site-packages\sqlalchemy\orm\unitofwork.py", line 642, in execute
    util.preloaded.orm_persistence.save_obj(
  File "D:\Backend developemnt projects\Code by hand\Foodly\backend\venv\Lib\site-packages\sqlalchemy\orm\persistence.py", line 93, in save_obj
    _emit_insert_statements(
  File "D:\Backend developemnt projects\Code by hand\Foodly\backend\venv\Lib\site-packages\sqlalchemy\orm\persistence.py", line 1226, in _emit_insert_statements
    result = connection.execute(
             ^^^^^^^^^^^^^^^^^^^
  File "D:\Backend developemnt projects\Code by hand\Foodly\backend\venv\Lib\site-packages\sqlalchemy\engine\base.py", line 1416, in execute
    return meth(
           ^^^^^
  File "D:\Backend developemnt projects\Code by hand\Foodly\backend\venv\Lib\site-packages\sqlalchemy\sql\elements.py", line 516, in _execute_on_connection
    return connection._execute_clauseelement(
           ^^^^^^^^^^^^^^^^^^^^^^^^^^^^^^^^^^
  File "D:\Backend developemnt projects\Code by hand\Foodly\backend\venv\Lib\site-packages\sqlalchemy\engine\base.py", line 1639, in _execute_clauseelement
    ret = self._execute_context(
          ^^^^^^^^^^^^^^^^^^^^^^
  File "D:\Backend developemnt projects\Code by hand\Foodly\backend\venv\Lib\site-packages\sqlalchemy\engine\base.py", line 1848, in _execute_context
    return self._exec_single_context(
           ^^^^^^^^^^^^^^^^^^^^^^^^^^
  File "D:\Backend developemnt projects\Code by hand\Foodly\backend\venv\Lib\site-packages\sqlalchemy\engine\base.py", line 1988, in _exec_single_context
    self._handle_dbapi_exception(
  File "D:\Backend developemnt projects\Code by hand\Foodly\backend\venv\Lib\site-packages\sqlalchemy\engine\base.py", line 2343, in _handle_dbapi_exception
    raise sqlalchemy_exception.with_traceback(exc_info[2]) from e
  File "D:\Backend developemnt projects\Code by hand\Foodly\backend\venv\Lib\site-packages\sqlalchemy\engine\base.py", line 1969, in _exec_single_context
    self.dialect.do_execute(
  File "D:\Backend developemnt projects\Code by hand\Foodly\backend\venv\Lib\site-packages\sqlalchemy\engine\default.py", line 922, in do_execute
    cursor.execute(statement, parameters)
sqlalchemy.exc.ProgrammingError: (psycopg2.errors.UndefinedTable) relation "pending_verifications" does not exist
LINE 1: INSERT INTO pending_verifications (meal_id, reported_price, ...
                    ^

[SQL: INSERT INTO pending_verifications (meal_id, reported_price, notes, reporter_name, photo_url, status) VALUES (%(meal_id)s, %(reported_price)s, %(notes)s, %(reporter_name)s, %(photo_url)s, %(status)s) RETURNING pending_verifications.id, pending_verifications.created_at]
[parameters: {'meal_id': 1, 'reported_price': 200.0, 'notes': None, 'reporter_name': None, 'photo_url': None, 'status': 'pending'}]
(Background on this error at: https://sqlalche.me/e/20/f405)


